e:\school\students githubs\3600-graphics\bezierwire\debug\vc141.pdb
e:\school\students githubs\3600-graphics\bezierwire\debug\vc141.idb
e:\school\students githubs\3600-graphics\bezierwire\debug\graphics_bezier.obj
e:\school\students githubs\3600-graphics\bezierwire\debug\tga.obj
e:\school\students githubs\3600-graphics\bezierwire\debug\trackbal.obj
e:\school\students githubs\3600-graphics\bezierwire\debug\vector.obj
e:\school\students githubs\3600-graphics\bezierwire\debug\bezier_texture_2007.pdb
e:\school\students githubs\3600-graphics\bezierwire\debug\bezier_t.4ce60ece.tlog\cl.command.1.tlog
e:\school\students githubs\3600-graphics\bezierwire\debug\bezier_t.4ce60ece.tlog\cl.read.1.tlog
e:\school\students githubs\3600-graphics\bezierwire\debug\bezier_t.4ce60ece.tlog\cl.write.1.tlog
e:\school\students githubs\3600-graphics\bezierwire\debug\bezier_t.4ce60ece.tlog\link-cvtres.read.1.tlog
e:\school\students githubs\3600-graphics\bezierwire\debug\bezier_t.4ce60ece.tlog\link-cvtres.write.1.tlog
e:\school\students githubs\3600-graphics\bezierwire\debug\bezier_t.4ce60ece.tlog\link-rc.read.1.tlog
e:\school\students githubs\3600-graphics\bezierwire\debug\bezier_t.4ce60ece.tlog\link-rc.write.1.tlog
e:\school\students githubs\3600-graphics\bezierwire\debug\bezier_t.4ce60ece.tlog\link.2836-cvtres.read.1.tlog
e:\school\students githubs\3600-graphics\bezierwire\debug\bezier_t.4ce60ece.tlog\link.2836-cvtres.write.1.tlog
e:\school\students githubs\3600-graphics\bezierwire\debug\bezier_t.4ce60ece.tlog\link.2836-rc.read.1.tlog
e:\school\students githubs\3600-graphics\bezierwire\debug\bezier_t.4ce60ece.tlog\link.2836-rc.write.1.tlog
e:\school\students githubs\3600-graphics\bezierwire\debug\bezier_t.4ce60ece.tlog\link.2836.read.1.tlog
e:\school\students githubs\3600-graphics\bezierwire\debug\bezier_t.4ce60ece.tlog\link.2836.write.1.tlog
e:\school\students githubs\3600-graphics\bezierwire\debug\bezier_t.4ce60ece.tlog\link.command.1.tlog
e:\school\students githubs\3600-graphics\bezierwire\debug\bezier_t.4ce60ece.tlog\link.read.1.tlog
e:\school\students githubs\3600-graphics\bezierwire\debug\bezier_t.4ce60ece.tlog\link.write.1.tlog
